{"/Users/aangeles/Desktop/projects/demo/express-ts-postgresql-boilerplate/src/controllers/Api/Auth/Login.ts": {"path":"/Users/aangeles/Desktop/projects/demo/express-ts-postgresql-boilerplate/src/controllers/Api/Auth/Login.ts","statementMap":{"0":{"start":{"line":19,"column":8},"end":{"line":73,"column":9}},"1":{"start":{"line":20,"column":27},"end":{"line":20,"column":48}},"2":{"start":{"line":21,"column":37},"end":{"line":21,"column":54}},"3":{"start":{"line":23,"column":12},"end":{"line":27,"column":13}},"4":{"start":{"line":24,"column":16},"end":{"line":26,"column":19}},"5":{"start":{"line":29,"column":30},"end":{"line":29,"column":61}},"6":{"start":{"line":30,"column":30},"end":{"line":30,"column":65}},"7":{"start":{"line":32,"column":26},"end":{"line":32,"column":71}},"8":{"start":{"line":34,"column":12},"end":{"line":39,"column":13}},"9":{"start":{"line":35,"column":16},"end":{"line":38,"column":19}},"10":{"start":{"line":41,"column":26},"end":{"line":41,"column":115}},"11":{"start":{"line":43,"column":12},"end":{"line":48,"column":13}},"12":{"start":{"line":44,"column":16},"end":{"line":47,"column":19}},"13":{"start":{"line":49,"column":12},"end":{"line":49,"column":53}},"14":{"start":{"line":51,"column":36},"end":{"line":61,"column":13}},"15":{"start":{"line":63,"column":12},"end":{"line":66,"column":15}},"16":{"start":{"line":69,"column":12},"end":{"line":69,"column":56}},"17":{"start":{"line":70,"column":12},"end":{"line":72,"column":15}}},"fnMap":{"0":{"name":"(anonymous_0)","decl":{"start":{"line":18,"column":4},"end":{"line":18,"column":5}},"loc":{"start":{"line":18,"column":56},"end":{"line":74,"column":5}},"line":18}},"branchMap":{"0":{"loc":{"start":{"line":23,"column":12},"end":{"line":27,"column":13}},"type":"if","locations":[{"start":{"line":23,"column":12},"end":{"line":27,"column":13}},{"start":{},"end":{}}],"line":23},"1":{"loc":{"start":{"line":34,"column":12},"end":{"line":39,"column":13}},"type":"if","locations":[{"start":{"line":34,"column":12},"end":{"line":39,"column":13}},{"start":{},"end":{}}],"line":34},"2":{"loc":{"start":{"line":43,"column":12},"end":{"line":48,"column":13}},"type":"if","locations":[{"start":{"line":43,"column":12},"end":{"line":48,"column":13}},{"start":{},"end":{}}],"line":43}},"s":{"0":12,"1":12,"2":12,"3":12,"4":8,"5":4,"6":4,"7":4,"8":4,"9":2,"10":2,"11":2,"12":0,"13":2,"14":2,"15":2,"16":0,"17":0},"f":{"0":12},"b":{"0":[8,4],"1":[2,2],"2":[0,2]},"_coverageSchema":"1a1c01bbd47fc00a2c39e90264f33305004495a9","hash":"e917c8ec7375d6a30b33b10b6af6cee850c0ca24"}
,"/Users/aangeles/Desktop/projects/demo/express-ts-postgresql-boilerplate/src/controllers/Api/Auth/Register.ts": {"path":"/Users/aangeles/Desktop/projects/demo/express-ts-postgresql-boilerplate/src/controllers/Api/Auth/Register.ts","statementMap":{"0":{"start":{"line":20,"column":8},"end":{"line":71,"column":9}},"1":{"start":{"line":21,"column":27},"end":{"line":21,"column":48}},"2":{"start":{"line":22,"column":37},"end":{"line":22,"column":54}},"3":{"start":{"line":24,"column":12},"end":{"line":28,"column":13}},"4":{"start":{"line":25,"column":16},"end":{"line":27,"column":19}},"5":{"start":{"line":30,"column":27},"end":{"line":30,"column":41}},"6":{"start":{"line":31,"column":33},"end":{"line":31,"column":53}},"7":{"start":{"line":32,"column":30},"end":{"line":32,"column":47}},"8":{"start":{"line":33,"column":30},"end":{"line":33,"column":47}},"9":{"start":{"line":34,"column":30},"end":{"line":34,"column":47}},"10":{"start":{"line":35,"column":28},"end":{"line":35,"column":43}},"11":{"start":{"line":37,"column":43},"end":{"line":43,"column":13}},"12":{"start":{"line":45,"column":12},"end":{"line":49,"column":13}},"13":{"start":{"line":45,"column":51},"end":{"line":45,"column":58}},"14":{"start":{"line":46,"column":16},"end":{"line":48,"column":19}},"15":{"start":{"line":47,"column":63},"end":{"line":47,"column":70}},"16":{"start":{"line":51,"column":31},"end":{"line":51,"column":125}},"17":{"start":{"line":53,"column":12},"end":{"line":64,"column":13}},"18":{"start":{"line":54,"column":16},"end":{"line":54,"column":58}},"19":{"start":{"line":55,"column":16},"end":{"line":58,"column":19}},"20":{"start":{"line":60,"column":16},"end":{"line":60,"column":75}},"21":{"start":{"line":61,"column":16},"end":{"line":63,"column":19}},"22":{"start":{"line":67,"column":12},"end":{"line":67,"column":56}},"23":{"start":{"line":68,"column":12},"end":{"line":70,"column":15}},"24":{"start":{"line":81,"column":8},"end":{"line":86,"column":9}},"25":{"start":{"line":83,"column":12},"end":{"line":83,"column":54}},"26":{"start":{"line":85,"column":12},"end":{"line":85,"column":25}},"27":{"start":{"line":96,"column":8},"end":{"line":100,"column":9}},"28":{"start":{"line":97,"column":12},"end":{"line":97,"column":94}},"29":{"start":{"line":99,"column":12},"end":{"line":99,"column":35}}},"fnMap":{"0":{"name":"(anonymous_0)","decl":{"start":{"line":19,"column":4},"end":{"line":19,"column":5}},"loc":{"start":{"line":19,"column":56},"end":{"line":72,"column":5}},"line":19},"1":{"name":"(anonymous_1)","decl":{"start":{"line":45,"column":46},"end":{"line":45,"column":47}},"loc":{"start":{"line":45,"column":51},"end":{"line":45,"column":58}},"line":45},"2":{"name":"(anonymous_2)","decl":{"start":{"line":47,"column":58},"end":{"line":47,"column":59}},"loc":{"start":{"line":47,"column":63},"end":{"line":47,"column":70}},"line":47},"3":{"name":"(anonymous_3)","decl":{"start":{"line":80,"column":4},"end":{"line":80,"column":5}},"loc":{"start":{"line":80,"column":51},"end":{"line":87,"column":5}},"line":80},"4":{"name":"(anonymous_4)","decl":{"start":{"line":95,"column":4},"end":{"line":95,"column":5}},"loc":{"start":{"line":95,"column":39},"end":{"line":101,"column":5}},"line":95}},"branchMap":{"0":{"loc":{"start":{"line":24,"column":12},"end":{"line":28,"column":13}},"type":"if","locations":[{"start":{"line":24,"column":12},"end":{"line":28,"column":13}},{"start":{},"end":{}}],"line":24},"1":{"loc":{"start":{"line":45,"column":12},"end":{"line":49,"column":13}},"type":"if","locations":[{"start":{"line":45,"column":12},"end":{"line":49,"column":13}},{"start":{},"end":{}}],"line":45},"2":{"loc":{"start":{"line":53,"column":12},"end":{"line":64,"column":13}},"type":"if","locations":[{"start":{"line":53,"column":12},"end":{"line":64,"column":13}},{"start":{"line":59,"column":19},"end":{"line":64,"column":13}}],"line":53},"3":{"loc":{"start":{"line":81,"column":8},"end":{"line":86,"column":9}},"type":"if","locations":[{"start":{"line":81,"column":8},"end":{"line":86,"column":9}},{"start":{"line":84,"column":15},"end":{"line":86,"column":9}}],"line":81}},"s":{"0":14,"1":14,"2":14,"3":14,"4":11,"5":3,"6":3,"7":3,"8":3,"9":3,"10":3,"11":3,"12":3,"13":9,"14":3,"15":9,"16":0,"17":0,"18":0,"19":0,"20":0,"21":0,"22":0,"23":0,"24":14,"25":4,"26":10,"27":14,"28":14,"29":0},"f":{"0":14,"1":9,"2":9,"3":14,"4":14},"b":{"0":[11,3],"1":[3,0],"2":[0,0],"3":[4,10]},"_coverageSchema":"1a1c01bbd47fc00a2c39e90264f33305004495a9","hash":"75b663df54078b7d193bd20eb06a40c51b71bae7"}
,"/Users/aangeles/Desktop/projects/demo/express-ts-postgresql-boilerplate/src/middlewares/Log.ts": {"path":"/Users/aangeles/Desktop/projects/demo/express-ts-postgresql-boilerplate/src/middlewares/Log.ts","statementMap":{"0":{"start":{"line":15,"column":22},"end":{"line":15,"column":32}},"1":{"start":{"line":18,"column":20},"end":{"line":18,"column":104}},"2":{"start":{"line":19,"column":20},"end":{"line":19,"column":100}},"3":{"start":{"line":21,"column":2},"end":{"line":21,"column":54}},"4":{"start":{"line":23,"column":2},"end":{"line":23,"column":39}},"5":{"start":{"line":24,"column":2},"end":{"line":24,"column":54}},"6":{"start":{"line":29,"column":2},"end":{"line":29,"column":31}},"7":{"start":{"line":34,"column":2},"end":{"line":34,"column":31}},"8":{"start":{"line":40,"column":2},"end":{"line":40,"column":77}},"9":{"start":{"line":42,"column":2},"end":{"line":42,"column":32}},"10":{"start":{"line":47,"column":2},"end":{"line":47,"column":34}},"11":{"start":{"line":55,"column":16},"end":{"line":55,"column":20}},"12":{"start":{"line":56,"column":2},"end":{"line":56,"column":30}},"13":{"start":{"line":58,"column":2},"end":{"line":77,"column":5}},"14":{"start":{"line":59,"column":3},"end":{"line":76,"column":4}},"15":{"start":{"line":61,"column":4},"end":{"line":73,"column":7}},"16":{"start":{"line":62,"column":5},"end":{"line":72,"column":6}},"17":{"start":{"line":63,"column":6},"end":{"line":69,"column":9}},"18":{"start":{"line":64,"column":7},"end":{"line":68,"column":8}},"19":{"start":{"line":65,"column":8},"end":{"line":65,"column":20}},"20":{"start":{"line":67,"column":8},"end":{"line":67,"column":98}},"21":{"start":{"line":71,"column":6},"end":{"line":71,"column":81}},"22":{"start":{"line":75,"column":4},"end":{"line":75,"column":95}}},"fnMap":{"0":{"name":"(anonymous_0)","decl":{"start":{"line":17,"column":1},"end":{"line":17,"column":2}},"loc":{"start":{"line":17,"column":15},"end":{"line":25,"column":2}},"line":17},"1":{"name":"(anonymous_1)","decl":{"start":{"line":28,"column":1},"end":{"line":28,"column":2}},"loc":{"start":{"line":28,"column":36},"end":{"line":30,"column":2}},"line":28},"2":{"name":"(anonymous_2)","decl":{"start":{"line":33,"column":1},"end":{"line":33,"column":2}},"loc":{"start":{"line":33,"column":36},"end":{"line":35,"column":2}},"line":33},"3":{"name":"(anonymous_3)","decl":{"start":{"line":38,"column":1},"end":{"line":38,"column":2}},"loc":{"start":{"line":38,"column":37},"end":{"line":43,"column":2}},"line":38},"4":{"name":"(anonymous_4)","decl":{"start":{"line":46,"column":1},"end":{"line":46,"column":2}},"loc":{"start":{"line":46,"column":57},"end":{"line":48,"column":2}},"line":46},"5":{"name":"(anonymous_5)","decl":{"start":{"line":54,"column":1},"end":{"line":54,"column":2}},"loc":{"start":{"line":54,"column":54},"end":{"line":78,"column":2}},"line":54},"6":{"name":"(anonymous_6)","decl":{"start":{"line":58,"column":52},"end":{"line":58,"column":53}},"loc":{"start":{"line":58,"column":79},"end":{"line":77,"column":3}},"line":58},"7":{"name":"(anonymous_7)","decl":{"start":{"line":61,"column":82},"end":{"line":61,"column":83}},"loc":{"start":{"line":61,"column":92},"end":{"line":73,"column":5}},"line":61},"8":{"name":"(anonymous_8)","decl":{"start":{"line":63,"column":32},"end":{"line":63,"column":33}},"loc":{"start":{"line":63,"column":42},"end":{"line":69,"column":7}},"line":63},"9":{"name":"(anonymous_9)","decl":{"start":{"line":85,"column":1},"end":{"line":85,"column":2}},"loc":{"start":{"line":85,"column":22},"end":{"line":87,"column":2}},"line":85}},"branchMap":{"0":{"loc":{"start":{"line":59,"column":3},"end":{"line":76,"column":4}},"type":"if","locations":[{"start":{"line":59,"column":3},"end":{"line":76,"column":4}},{"start":{"line":74,"column":10},"end":{"line":76,"column":4}}],"line":59},"1":{"loc":{"start":{"line":59,"column":7},"end":{"line":59,"column":31}},"type":"binary-expr","locations":[{"start":{"line":59,"column":7},"end":{"line":59,"column":12}},{"start":{"line":59,"column":16},"end":{"line":59,"column":31}}],"line":59},"2":{"loc":{"start":{"line":62,"column":5},"end":{"line":72,"column":6}},"type":"if","locations":[{"start":{"line":62,"column":5},"end":{"line":72,"column":6}},{"start":{"line":70,"column":12},"end":{"line":72,"column":6}}],"line":62},"3":{"loc":{"start":{"line":64,"column":7},"end":{"line":68,"column":8}},"type":"if","locations":[{"start":{"line":64,"column":7},"end":{"line":68,"column":8}},{"start":{"line":66,"column":14},"end":{"line":68,"column":8}}],"line":64}},"s":{"0":3,"1":3,"2":3,"3":3,"4":3,"5":3,"6":28,"7":0,"8":0,"9":0,"10":0,"11":28,"12":28,"13":28,"14":28,"15":28,"16":23,"17":23,"18":23,"19":23,"20":0,"21":0,"22":0},"f":{"0":3,"1":28,"2":0,"3":0,"4":0,"5":28,"6":28,"7":23,"8":23,"9":0},"b":{"0":[28,0],"1":[28,28],"2":[23,0],"3":[23,0]},"_coverageSchema":"1a1c01bbd47fc00a2c39e90264f33305004495a9","hash":"c530d7b13141dad5431305484c4c9e9ca3831d55"}
,"/Users/aangeles/Desktop/projects/demo/express-ts-postgresql-boilerplate/src/providers/Database.ts": {"path":"/Users/aangeles/Desktop/projects/demo/express-ts-postgresql-boilerplate/src/providers/Database.ts","statementMap":{"0":{"start":{"line":7,"column":17},"end":{"line":7,"column":30}},"1":{"start":{"line":17,"column":8},"end":{"line":17,"column":51}},"2":{"start":{"line":26,"column":8},"end":{"line":26,"column":111}},"3":{"start":{"line":27,"column":8},"end":{"line":34,"column":9}},"4":{"start":{"line":28,"column":25},"end":{"line":28,"column":61}},"5":{"start":{"line":29,"column":12},"end":{"line":29,"column":74}},"6":{"start":{"line":30,"column":12},"end":{"line":30,"column":26}},"7":{"start":{"line":32,"column":12},"end":{"line":32,"column":114}},"8":{"start":{"line":33,"column":12},"end":{"line":33,"column":43}},"9":{"start":{"line":42,"column":8},"end":{"line":42,"column":37}},"10":{"start":{"line":43,"column":23},"end":{"line":43,"column":50}},"11":{"start":{"line":44,"column":8},"end":{"line":50,"column":9}},"12":{"start":{"line":45,"column":12},"end":{"line":45,"column":40}},"13":{"start":{"line":46,"column":12},"end":{"line":46,"column":26}},"14":{"start":{"line":48,"column":12},"end":{"line":48,"column":66}},"15":{"start":{"line":49,"column":12},"end":{"line":49,"column":43}},"16":{"start":{"line":60,"column":8},"end":{"line":60,"column":120}},"17":{"start":{"line":61,"column":8},"end":{"line":61,"column":39}},"18":{"start":{"line":62,"column":8},"end":{"line":69,"column":9}},"19":{"start":{"line":63,"column":25},"end":{"line":63,"column":56}},"20":{"start":{"line":64,"column":12},"end":{"line":64,"column":83}},"21":{"start":{"line":65,"column":12},"end":{"line":65,"column":25}},"22":{"start":{"line":67,"column":12},"end":{"line":67,"column":123}},"23":{"start":{"line":68,"column":12},"end":{"line":68,"column":43}},"24":{"start":{"line":79,"column":8},"end":{"line":79,"column":123}},"25":{"start":{"line":80,"column":8},"end":{"line":93,"column":9}},"26":{"start":{"line":81,"column":12},"end":{"line":90,"column":13}},"27":{"start":{"line":82,"column":16},"end":{"line":89,"column":17}},"28":{"start":{"line":83,"column":20},"end":{"line":83,"column":68}},"29":{"start":{"line":84,"column":20},"end":{"line":84,"column":79}},"30":{"start":{"line":85,"column":20},"end":{"line":85,"column":63}},"31":{"start":{"line":87,"column":20},"end":{"line":87,"column":79}},"32":{"start":{"line":88,"column":20},"end":{"line":88,"column":51}},"33":{"start":{"line":92,"column":12},"end":{"line":92,"column":72}},"34":{"start":{"line":100,"column":8},"end":{"line":112,"column":9}},"35":{"start":{"line":101,"column":12},"end":{"line":109,"column":13}},"36":{"start":{"line":102,"column":16},"end":{"line":102,"column":53}},"37":{"start":{"line":103,"column":16},"end":{"line":103,"column":47}},"38":{"start":{"line":105,"column":16},"end":{"line":105,"column":47}},"39":{"start":{"line":107,"column":16},"end":{"line":107,"column":33}},"40":{"start":{"line":108,"column":16},"end":{"line":108,"column":59}},"41":{"start":{"line":111,"column":12},"end":{"line":111,"column":66}},"42":{"start":{"line":119,"column":8},"end":{"line":127,"column":9}},"43":{"start":{"line":120,"column":12},"end":{"line":120,"column":41}},"44":{"start":{"line":122,"column":12},"end":{"line":122,"column":56}},"45":{"start":{"line":123,"column":12},"end":{"line":123,"column":43}},"46":{"start":{"line":125,"column":12},"end":{"line":125,"column":29}},"47":{"start":{"line":126,"column":12},"end":{"line":126,"column":53}}},"fnMap":{"0":{"name":"(anonymous_0)","decl":{"start":{"line":16,"column":4},"end":{"line":16,"column":5}},"loc":{"start":{"line":16,"column":18},"end":{"line":18,"column":5}},"line":16},"1":{"name":"(anonymous_1)","decl":{"start":{"line":25,"column":4},"end":{"line":25,"column":5}},"loc":{"start":{"line":25,"column":59},"end":{"line":35,"column":5}},"line":25},"2":{"name":"(anonymous_2)","decl":{"start":{"line":41,"column":4},"end":{"line":41,"column":5}},"loc":{"start":{"line":41,"column":34},"end":{"line":51,"column":5}},"line":41},"3":{"name":"(anonymous_3)","decl":{"start":{"line":59,"column":4},"end":{"line":59,"column":5}},"loc":{"start":{"line":59,"column":76},"end":{"line":70,"column":5}},"line":59},"4":{"name":"(anonymous_4)","decl":{"start":{"line":78,"column":4},"end":{"line":78,"column":5}},"loc":{"start":{"line":78,"column":65},"end":{"line":94,"column":5}},"line":78},"5":{"name":"(anonymous_5)","decl":{"start":{"line":99,"column":4},"end":{"line":99,"column":5}},"loc":{"start":{"line":99,"column":49},"end":{"line":113,"column":5}},"line":99},"6":{"name":"(anonymous_6)","decl":{"start":{"line":118,"column":4},"end":{"line":118,"column":5}},"loc":{"start":{"line":118,"column":47},"end":{"line":128,"column":5}},"line":118}},"branchMap":{"0":{"loc":{"start":{"line":80,"column":8},"end":{"line":93,"column":9}},"type":"if","locations":[{"start":{"line":80,"column":8},"end":{"line":93,"column":9}},{"start":{"line":91,"column":15},"end":{"line":93,"column":9}}],"line":80},"1":{"loc":{"start":{"line":100,"column":8},"end":{"line":112,"column":9}},"type":"if","locations":[{"start":{"line":100,"column":8},"end":{"line":112,"column":9}},{"start":{"line":110,"column":15},"end":{"line":112,"column":9}}],"line":100},"2":{"loc":{"start":{"line":100,"column":12},"end":{"line":100,"column":51}},"type":"binary-expr","locations":[{"start":{"line":100,"column":12},"end":{"line":100,"column":41}},{"start":{"line":100,"column":45},"end":{"line":100,"column":51}}],"line":100}},"s":{"0":3,"1":3,"2":13,"3":13,"4":13,"5":13,"6":13,"7":0,"8":0,"9":0,"10":0,"11":0,"12":0,"13":0,"14":0,"15":0,"16":0,"17":0,"18":0,"19":0,"20":0,"21":0,"22":0,"23":0,"24":0,"25":0,"26":0,"27":0,"28":0,"29":0,"30":0,"31":0,"32":0,"33":0,"34":0,"35":0,"36":0,"37":0,"38":0,"39":0,"40":0,"41":0,"42":0,"43":0,"44":0,"45":0,"46":0,"47":0},"f":{"0":3,"1":13,"2":0,"3":0,"4":0,"5":0,"6":0},"b":{"0":[0,0],"1":[0,0],"2":[0,0]},"_coverageSchema":"1a1c01bbd47fc00a2c39e90264f33305004495a9","hash":"ce3a481f51d0a05f3a3d6353345b7e71dc6af163"}
,"/Users/aangeles/Desktop/projects/demo/express-ts-postgresql-boilerplate/src/providers/Encryptions.ts": {"path":"/Users/aangeles/Desktop/projects/demo/express-ts-postgresql-boilerplate/src/providers/Encryptions.ts","statementMap":{"0":{"start":{"line":20,"column":8},"end":{"line":27,"column":9}},"1":{"start":{"line":21,"column":12},"end":{"line":24,"column":14}},"2":{"start":{"line":26,"column":12},"end":{"line":26,"column":35}},"3":{"start":{"line":36,"column":8},"end":{"line":40,"column":9}},"4":{"start":{"line":37,"column":12},"end":{"line":37,"column":71}},"5":{"start":{"line":39,"column":12},"end":{"line":39,"column":43}}},"fnMap":{"0":{"name":"(anonymous_0)","decl":{"start":{"line":19,"column":4},"end":{"line":19,"column":5}},"loc":{"start":{"line":19,"column":91},"end":{"line":28,"column":5}},"line":19},"1":{"name":"(anonymous_1)","decl":{"start":{"line":35,"column":4},"end":{"line":35,"column":5}},"loc":{"start":{"line":35,"column":49},"end":{"line":41,"column":5}},"line":35}},"branchMap":{},"s":{"0":2,"1":2,"2":0,"3":4,"4":4,"5":0},"f":{"0":2,"1":4},"b":{},"_coverageSchema":"1a1c01bbd47fc00a2c39e90264f33305004495a9","hash":"d9232b0e6a977c77416edd6e25020619c6249c2c"}
,"/Users/aangeles/Desktop/projects/demo/express-ts-postgresql-boilerplate/src/providers/Locals.ts": {"path":"/Users/aangeles/Desktop/projects/demo/express-ts-postgresql-boilerplate/src/providers/Locals.ts","statementMap":{"0":{"start":{"line":16,"column":21},"end":{"line":16,"column":45}},"1":{"start":{"line":17,"column":23},"end":{"line":17,"column":34}},"2":{"start":{"line":18,"column":23},"end":{"line":18,"column":30}},"3":{"start":{"line":19,"column":27},"end":{"line":19,"column":66}},"4":{"start":{"line":20,"column":27},"end":{"line":20,"column":67}},"5":{"start":{"line":21,"column":23},"end":{"line":21,"column":56}},"6":{"start":{"line":23,"column":26},"end":{"line":23,"column":72}},"7":{"start":{"line":24,"column":26},"end":{"line":24,"column":57}},"8":{"start":{"line":27,"column":8},"end":{"line":38,"column":9}},"9":{"start":{"line":45,"column":8},"end":{"line":45,"column":44}},"10":{"start":{"line":46,"column":8},"end":{"line":46,"column":24}}},"fnMap":{"0":{"name":"(anonymous_0)","decl":{"start":{"line":15,"column":4},"end":{"line":15,"column":5}},"loc":{"start":{"line":15,"column":32},"end":{"line":39,"column":5}},"line":15},"1":{"name":"(anonymous_1)","decl":{"start":{"line":44,"column":4},"end":{"line":44,"column":5}},"loc":{"start":{"line":44,"column":59},"end":{"line":47,"column":5}},"line":44}},"branchMap":{"0":{"loc":{"start":{"line":16,"column":21},"end":{"line":16,"column":45}},"type":"binary-expr","locations":[{"start":{"line":16,"column":21},"end":{"line":16,"column":37}},{"start":{"line":16,"column":41},"end":{"line":16,"column":45}}],"line":16},"1":{"loc":{"start":{"line":19,"column":27},"end":{"line":19,"column":66}},"type":"binary-expr","locations":[{"start":{"line":19,"column":27},"end":{"line":19,"column":50}},{"start":{"line":19,"column":54},"end":{"line":19,"column":66}}],"line":19},"2":{"loc":{"start":{"line":20,"column":27},"end":{"line":20,"column":67}},"type":"binary-expr","locations":[{"start":{"line":20,"column":27},"end":{"line":20,"column":56}},{"start":{"line":20,"column":60},"end":{"line":20,"column":67}}],"line":20},"3":{"loc":{"start":{"line":21,"column":23},"end":{"line":21,"column":56}},"type":"binary-expr","locations":[{"start":{"line":21,"column":23},"end":{"line":21,"column":48}},{"start":{"line":21,"column":52},"end":{"line":21,"column":56}}],"line":21},"4":{"loc":{"start":{"line":23,"column":26},"end":{"line":23,"column":72}},"type":"binary-expr","locations":[{"start":{"line":23,"column":26},"end":{"line":23,"column":48}},{"start":{"line":23,"column":52},"end":{"line":23,"column":72}}],"line":23},"5":{"loc":{"start":{"line":24,"column":26},"end":{"line":24,"column":57}},"type":"binary-expr","locations":[{"start":{"line":24,"column":26},"end":{"line":24,"column":48}},{"start":{"line":24,"column":52},"end":{"line":24,"column":57}}],"line":24}},"s":{"0":8,"1":8,"2":8,"3":8,"4":8,"5":8,"6":8,"7":8,"8":8,"9":0,"10":0},"f":{"0":8,"1":0},"b":{"0":[8,8],"1":[8,8],"2":[8,8],"3":[8,8],"4":[8,8],"5":[8,8]},"_coverageSchema":"1a1c01bbd47fc00a2c39e90264f33305004495a9","hash":"d6eb1d5463c71a613fa9e9ce45742fb847a5f3f3"}
,"/Users/aangeles/Desktop/projects/demo/express-ts-postgresql-boilerplate/src/providers/Routes.ts": {"path":"/Users/aangeles/Desktop/projects/demo/express-ts-postgresql-boilerplate/src/providers/Routes.ts","statementMap":{"0":{"start":{"line":22,"column":20},"end":{"line":22,"column":45}},"1":{"start":{"line":24,"column":2},"end":{"line":24,"column":50}}},"fnMap":{"0":{"name":"(anonymous_0)","decl":{"start":{"line":21,"column":1},"end":{"line":21,"column":2}},"loc":{"start":{"line":21,"column":53},"end":{"line":25,"column":2}},"line":21}},"branchMap":{},"s":{"0":3,"1":3},"f":{"0":3},"b":{},"_coverageSchema":"1a1c01bbd47fc00a2c39e90264f33305004495a9","hash":"669d4b112d74c11e64e7afddf7269e5492a2d878"}
,"/Users/aangeles/Desktop/projects/demo/express-ts-postgresql-boilerplate/src/routes/Api.ts": {"path":"/Users/aangeles/Desktop/projects/demo/express-ts-postgresql-boilerplate/src/routes/Api.ts","statementMap":{"0":{"start":{"line":12,"column":15},"end":{"line":12,"column":23}},"1":{"start":{"line":14,"column":0},"end":{"line":22,"column":2}},"2":{"start":{"line":24,"column":0},"end":{"line":47,"column":2}},"3":{"start":{"line":33,"column":75},"end":{"line":33,"column":114}},"4":{"start":{"line":39,"column":70},"end":{"line":39,"column":121}}},"fnMap":{"0":{"name":"(anonymous_0)","decl":{"start":{"line":33,"column":64},"end":{"line":33,"column":65}},"loc":{"start":{"line":33,"column":75},"end":{"line":33,"column":114}},"line":33},"1":{"name":"(anonymous_1)","decl":{"start":{"line":39,"column":50},"end":{"line":39,"column":51}},"loc":{"start":{"line":39,"column":70},"end":{"line":39,"column":121}},"line":39}},"branchMap":{},"s":{"0":3,"1":3,"2":3,"3":14,"4":14},"f":{"0":14,"1":14},"b":{},"_coverageSchema":"1a1c01bbd47fc00a2c39e90264f33305004495a9","hash":"676f70f79635a4293a61041785dfbe5beefb7161"}
,"/Users/aangeles/Desktop/projects/demo/express-ts-postgresql-boilerplate/src/services/userService.ts": {"path":"/Users/aangeles/Desktop/projects/demo/express-ts-postgresql-boilerplate/src/services/userService.ts","statementMap":{"0":{"start":{"line":20,"column":27},"end":{"line":24,"column":9}},"1":{"start":{"line":25,"column":21},"end":{"line":25,"column":25}},"2":{"start":{"line":26,"column":8},"end":{"line":36,"column":9}},"3":{"start":{"line":27,"column":12},"end":{"line":27,"column":56}},"4":{"start":{"line":28,"column":12},"end":{"line":33,"column":13}},"5":{"start":{"line":29,"column":16},"end":{"line":29,"column":52}},"6":{"start":{"line":30,"column":16},"end":{"line":30,"column":38}},"7":{"start":{"line":32,"column":16},"end":{"line":32,"column":29}},"8":{"start":{"line":35,"column":12},"end":{"line":35,"column":43}},"9":{"start":{"line":45,"column":28},"end":{"line":49,"column":9}},"10":{"start":{"line":51,"column":21},"end":{"line":51,"column":25}},"11":{"start":{"line":52,"column":8},"end":{"line":61,"column":9}},"12":{"start":{"line":53,"column":12},"end":{"line":53,"column":57}},"13":{"start":{"line":54,"column":12},"end":{"line":58,"column":13}},"14":{"start":{"line":55,"column":16},"end":{"line":55,"column":51}},"15":{"start":{"line":57,"column":16},"end":{"line":57,"column":82}},"16":{"start":{"line":60,"column":12},"end":{"line":60,"column":43}},"17":{"start":{"line":70,"column":28},"end":{"line":74,"column":9}},"18":{"start":{"line":75,"column":21},"end":{"line":75,"column":25}},"19":{"start":{"line":76,"column":8},"end":{"line":85,"column":9}},"20":{"start":{"line":77,"column":12},"end":{"line":77,"column":57}},"21":{"start":{"line":78,"column":12},"end":{"line":82,"column":13}},"22":{"start":{"line":79,"column":16},"end":{"line":79,"column":51}},"23":{"start":{"line":81,"column":16},"end":{"line":81,"column":94}},"24":{"start":{"line":84,"column":12},"end":{"line":84,"column":43}},"25":{"start":{"line":94,"column":28},"end":{"line":98,"column":9}},"26":{"start":{"line":99,"column":21},"end":{"line":99,"column":25}},"27":{"start":{"line":100,"column":8},"end":{"line":109,"column":9}},"28":{"start":{"line":101,"column":12},"end":{"line":101,"column":57}},"29":{"start":{"line":102,"column":12},"end":{"line":106,"column":13}},"30":{"start":{"line":103,"column":16},"end":{"line":103,"column":51}},"31":{"start":{"line":105,"column":16},"end":{"line":105,"column":88}},"32":{"start":{"line":108,"column":12},"end":{"line":108,"column":43}},"33":{"start":{"line":118,"column":34},"end":{"line":122,"column":9}},"34":{"start":{"line":124,"column":21},"end":{"line":124,"column":25}},"35":{"start":{"line":124,"column":36},"end":{"line":124,"column":40}},"36":{"start":{"line":125,"column":8},"end":{"line":140,"column":9}},"37":{"start":{"line":126,"column":12},"end":{"line":126,"column":53}},"38":{"start":{"line":128,"column":12},"end":{"line":134,"column":13}},"39":{"start":{"line":129,"column":16},"end":{"line":129,"column":84}},"40":{"start":{"line":130,"column":16},"end":{"line":130,"column":46}},"41":{"start":{"line":132,"column":16},"end":{"line":132,"column":48}},"42":{"start":{"line":133,"column":16},"end":{"line":133,"column":39}},"43":{"start":{"line":136,"column":12},"end":{"line":136,"column":60}},"44":{"start":{"line":139,"column":12},"end":{"line":139,"column":43}}},"fnMap":{"0":{"name":"(anonymous_0)","decl":{"start":{"line":19,"column":4},"end":{"line":19,"column":5}},"loc":{"start":{"line":19,"column":70},"end":{"line":37,"column":5}},"line":19},"1":{"name":"(anonymous_1)","decl":{"start":{"line":44,"column":4},"end":{"line":44,"column":5}},"loc":{"start":{"line":44,"column":58},"end":{"line":62,"column":5}},"line":44},"2":{"name":"(anonymous_2)","decl":{"start":{"line":69,"column":4},"end":{"line":69,"column":5}},"loc":{"start":{"line":69,"column":70},"end":{"line":86,"column":5}},"line":69},"3":{"name":"(anonymous_3)","decl":{"start":{"line":93,"column":4},"end":{"line":93,"column":5}},"loc":{"start":{"line":93,"column":64},"end":{"line":110,"column":5}},"line":93},"4":{"name":"(anonymous_4)","decl":{"start":{"line":117,"column":4},"end":{"line":117,"column":5}},"loc":{"start":{"line":117,"column":165},"end":{"line":141,"column":5}},"line":117}},"branchMap":{"0":{"loc":{"start":{"line":28,"column":12},"end":{"line":33,"column":13}},"type":"if","locations":[{"start":{"line":28,"column":12},"end":{"line":33,"column":13}},{"start":{"line":31,"column":19},"end":{"line":33,"column":13}}],"line":28},"1":{"loc":{"start":{"line":54,"column":12},"end":{"line":58,"column":13}},"type":"if","locations":[{"start":{"line":54,"column":12},"end":{"line":58,"column":13}},{"start":{"line":56,"column":19},"end":{"line":58,"column":13}}],"line":54},"2":{"loc":{"start":{"line":78,"column":12},"end":{"line":82,"column":13}},"type":"if","locations":[{"start":{"line":78,"column":12},"end":{"line":82,"column":13}},{"start":{"line":80,"column":19},"end":{"line":82,"column":13}}],"line":78},"3":{"loc":{"start":{"line":102,"column":12},"end":{"line":106,"column":13}},"type":"if","locations":[{"start":{"line":102,"column":12},"end":{"line":106,"column":13}},{"start":{"line":104,"column":19},"end":{"line":106,"column":13}}],"line":102}},"s":{"0":4,"1":4,"2":4,"3":4,"4":4,"5":2,"6":2,"7":2,"8":0,"9":3,"10":3,"11":3,"12":3,"13":3,"14":2,"15":1,"16":0,"17":3,"18":3,"19":3,"20":3,"21":3,"22":1,"23":2,"24":0,"25":3,"26":3,"27":3,"28":3,"29":3,"30":2,"31":1,"32":0,"33":0,"34":0,"35":0,"36":0,"37":0,"38":0,"39":0,"40":0,"41":0,"42":0,"43":0,"44":0},"f":{"0":4,"1":3,"2":3,"3":3,"4":0},"b":{"0":[2,2],"1":[2,1],"2":[1,2],"3":[2,1]},"_coverageSchema":"1a1c01bbd47fc00a2c39e90264f33305004495a9","hash":"45f02e62c32a96788cd78196ee67a16e4b9edd95"}
}
