TN:
SF:src/controllers/Api/Auth/Login.ts
FN:18,(anonymous_0)
FNF:1
FNH:1
FNDA:6,(anonymous_0)
DA:19,6
DA:20,6
DA:21,6
DA:23,6
DA:24,4
DA:29,2
DA:30,2
DA:32,2
DA:34,2
DA:35,1
DA:41,1
DA:43,1
DA:44,0
DA:49,1
DA:51,1
DA:63,1
DA:69,0
DA:70,0
LF:18
LH:15
BRDA:23,0,0,4
BRDA:23,0,1,2
BRDA:34,1,0,1
BRDA:34,1,1,1
BRDA:43,2,0,0
BRDA:43,2,1,1
BRF:6
BRH:5
end_of_record
TN:
SF:src/controllers/Api/Auth/Logout.ts
FN:11,(anonymous_0)
FN:12,(anonymous_1)
FNF:2
FNH:1
FNDA:1,(anonymous_0)
FNDA:0,(anonymous_1)
DA:12,1
DA:13,0
DA:14,0
DA:17,0
DA:18,0
LF:5
LH:1
BRDA:13,0,0,0
BRDA:13,0,1,0
BRF:2
BRH:0
end_of_record
TN:
SF:src/controllers/Api/Auth/Register.ts
FN:19,(anonymous_0)
FN:45,(anonymous_1)
FN:47,(anonymous_2)
FN:80,(anonymous_3)
FN:95,(anonymous_4)
FNF:5
FNH:5
FNDA:14,(anonymous_0)
FNDA:9,(anonymous_1)
FNDA:9,(anonymous_2)
FNDA:14,(anonymous_3)
FNDA:14,(anonymous_4)
DA:20,14
DA:21,14
DA:22,14
DA:24,14
DA:25,11
DA:30,3
DA:31,3
DA:32,3
DA:33,3
DA:34,3
DA:35,3
DA:37,3
DA:45,9
DA:46,3
DA:47,9
DA:51,0
DA:53,0
DA:54,0
DA:55,0
DA:60,0
DA:61,0
DA:67,0
DA:68,0
DA:81,14
DA:83,4
DA:85,10
DA:96,14
DA:97,14
DA:99,0
LF:29
LH:20
BRDA:24,0,0,11
BRDA:24,0,1,3
BRDA:45,1,0,3
BRDA:45,1,1,0
BRDA:53,2,0,0
BRDA:53,2,1,0
BRDA:81,3,0,4
BRDA:81,3,1,10
BRF:8
BRH:5
end_of_record
TN:
SF:src/middlewares/Log.ts
FN:17,(anonymous_0)
FN:28,(anonymous_1)
FN:33,(anonymous_2)
FN:38,(anonymous_3)
FN:46,(anonymous_4)
FN:54,(anonymous_5)
FN:58,(anonymous_6)
FN:61,(anonymous_7)
FN:63,(anonymous_8)
FN:85,(anonymous_9)
FNF:10
FNH:6
FNDA:3,(anonymous_0)
FNDA:23,(anonymous_1)
FNDA:0,(anonymous_2)
FNDA:0,(anonymous_3)
FNDA:0,(anonymous_4)
FNDA:23,(anonymous_5)
FNDA:23,(anonymous_6)
FNDA:21,(anonymous_7)
FNDA:21,(anonymous_8)
FNDA:0,(anonymous_9)
DA:15,3
DA:18,3
DA:19,3
DA:21,3
DA:23,3
DA:24,3
DA:29,23
DA:34,0
DA:40,0
DA:42,0
DA:47,0
DA:55,23
DA:56,23
DA:58,23
DA:59,23
DA:61,23
DA:62,21
DA:63,21
DA:64,21
DA:65,21
DA:67,0
DA:71,0
DA:75,0
LF:23
LH:16
BRDA:59,0,0,23
BRDA:59,0,1,0
BRDA:59,1,0,23
BRDA:59,1,1,23
BRDA:62,2,0,21
BRDA:62,2,1,0
BRDA:64,3,0,21
BRDA:64,3,1,0
BRF:8
BRH:5
end_of_record
TN:
SF:src/providers/Database.ts
FN:16,(anonymous_0)
FN:25,(anonymous_1)
FN:41,(anonymous_2)
FN:59,(anonymous_3)
FN:78,(anonymous_4)
FN:99,(anonymous_5)
FN:118,(anonymous_6)
FNF:7
FNH:2
FNDA:3,(anonymous_0)
FNDA:11,(anonymous_1)
FNDA:0,(anonymous_2)
FNDA:0,(anonymous_3)
FNDA:0,(anonymous_4)
FNDA:0,(anonymous_5)
FNDA:0,(anonymous_6)
DA:7,3
DA:17,3
DA:26,11
DA:27,11
DA:28,11
DA:29,11
DA:30,11
DA:32,0
DA:33,0
DA:42,0
DA:43,0
DA:44,0
DA:45,0
DA:46,0
DA:48,0
DA:49,0
DA:60,0
DA:61,0
DA:62,0
DA:63,0
DA:64,0
DA:65,0
DA:67,0
DA:68,0
DA:79,0
DA:80,0
DA:81,0
DA:82,0
DA:83,0
DA:84,0
DA:85,0
DA:87,0
DA:88,0
DA:92,0
DA:100,0
DA:101,0
DA:102,0
DA:103,0
DA:105,0
DA:107,0
DA:108,0
DA:111,0
DA:119,0
DA:120,0
DA:122,0
DA:123,0
DA:125,0
DA:126,0
LF:48
LH:7
BRDA:80,0,0,0
BRDA:80,0,1,0
BRDA:100,1,0,0
BRDA:100,1,1,0
BRDA:100,2,0,0
BRDA:100,2,1,0
BRF:6
BRH:0
end_of_record
TN:
SF:src/providers/Encryptions.ts
FN:19,(anonymous_0)
FN:35,(anonymous_1)
FNF:2
FNH:2
FNDA:1,(anonymous_0)
FNDA:2,(anonymous_1)
DA:20,1
DA:21,1
DA:26,0
DA:36,2
DA:37,2
DA:39,0
LF:6
LH:4
BRF:0
BRH:0
end_of_record
TN:
SF:src/providers/Locals.ts
FN:15,(anonymous_0)
FN:44,(anonymous_1)
FNF:2
FNH:1
FNDA:7,(anonymous_0)
FNDA:0,(anonymous_1)
DA:16,7
DA:17,7
DA:18,7
DA:19,7
DA:20,7
DA:21,7
DA:23,7
DA:24,7
DA:27,7
DA:45,0
DA:46,0
LF:11
LH:9
BRDA:16,0,0,7
BRDA:16,0,1,7
BRDA:19,1,0,7
BRDA:19,1,1,7
BRDA:20,2,0,7
BRDA:20,2,1,7
BRDA:21,3,0,7
BRDA:21,3,1,7
BRDA:23,4,0,7
BRDA:23,4,1,7
BRDA:24,5,0,7
BRDA:24,5,1,7
BRF:12
BRH:12
end_of_record
TN:
SF:src/providers/Routes.ts
FN:21,(anonymous_0)
FNF:1
FNH:1
FNDA:3,(anonymous_0)
DA:22,3
DA:24,3
LF:2
LH:2
BRF:0
BRH:0
end_of_record
TN:
SF:src/routes/Api.ts
FN:34,(anonymous_0)
FN:40,(anonymous_1)
FNF:2
FNH:2
FNDA:14,(anonymous_0)
FNDA:14,(anonymous_1)
DA:13,3
DA:15,3
DA:25,3
DA:34,14
DA:40,14
DA:50,3
LF:6
LH:6
BRF:0
BRH:0
end_of_record
TN:
SF:src/services/userService.ts
FN:19,(anonymous_0)
FN:44,(anonymous_1)
FN:69,(anonymous_2)
FN:93,(anonymous_3)
FN:117,(anonymous_4)
FNF:5
FNH:4
FNDA:2,(anonymous_0)
FNDA:3,(anonymous_1)
FNDA:3,(anonymous_2)
FNDA:3,(anonymous_3)
FNDA:0,(anonymous_4)
DA:20,2
DA:25,2
DA:26,2
DA:27,2
DA:28,2
DA:29,1
DA:30,1
DA:32,1
DA:35,0
DA:45,3
DA:51,3
DA:52,3
DA:53,3
DA:54,3
DA:55,2
DA:57,1
DA:60,0
DA:70,3
DA:75,3
DA:76,3
DA:77,3
DA:78,3
DA:79,1
DA:81,2
DA:84,0
DA:94,3
DA:99,3
DA:100,3
DA:101,3
DA:102,3
DA:103,2
DA:105,1
DA:108,0
DA:118,0
DA:124,0
DA:125,0
DA:126,0
DA:128,0
DA:129,0
DA:130,0
DA:132,0
DA:133,0
DA:136,0
DA:139,0
LF:44
LH:29
BRDA:28,0,0,1
BRDA:28,0,1,1
BRDA:54,1,0,2
BRDA:54,1,1,1
BRDA:78,2,0,1
BRDA:78,2,1,2
BRDA:102,3,0,2
BRDA:102,3,1,1
BRF:8
BRH:8
end_of_record
