TN:
SF:src/controllers/Api/Auth/Login.ts
FN:17,(anonymous_0)
FNF:1
FNH:1
FNDA:6,(anonymous_0)
DA:18,6
DA:19,6
DA:20,6
DA:22,6
DA:23,4
DA:28,2
DA:29,2
DA:31,2
DA:33,2
DA:34,1
DA:40,1
DA:42,1
DA:43,0
DA:48,1
DA:49,1
DA:55,0
DA:56,0
LF:17
LH:14
BRDA:22,0,0,4
BRDA:22,0,1,2
BRDA:33,1,0,1
BRDA:33,1,1,1
BRDA:42,2,0,0
BRDA:42,2,1,1
BRF:6
BRH:5
end_of_record
TN:
SF:src/controllers/Api/Auth/Register.ts
FN:19,(anonymous_0)
FN:47,(anonymous_1)
FN:49,(anonymous_2)
FN:82,(anonymous_3)
FN:97,(anonymous_4)
FNF:5
FNH:0
FNDA:0,(anonymous_0)
FNDA:0,(anonymous_1)
FNDA:0,(anonymous_2)
FNDA:0,(anonymous_3)
FNDA:0,(anonymous_4)
DA:20,0
DA:21,0
DA:22,0
DA:24,0
DA:26,0
DA:27,0
DA:32,0
DA:33,0
DA:34,0
DA:35,0
DA:36,0
DA:37,0
DA:39,0
DA:47,0
DA:48,0
DA:49,0
DA:53,0
DA:55,0
DA:56,0
DA:57,0
DA:62,0
DA:63,0
DA:69,0
DA:70,0
DA:83,0
DA:85,0
DA:87,0
DA:98,0
DA:99,0
DA:101,0
LF:30
LH:0
BRDA:26,0,0,0
BRDA:26,0,1,0
BRDA:47,1,0,0
BRDA:47,1,1,0
BRDA:55,2,0,0
BRDA:55,2,1,0
BRDA:83,3,0,0
BRDA:83,3,1,0
BRF:8
BRH:0
end_of_record
TN:
SF:src/middlewares/Log.ts
FN:17,(anonymous_0)
FN:28,(anonymous_1)
FN:33,(anonymous_2)
FN:38,(anonymous_3)
FN:46,(anonymous_4)
FN:54,(anonymous_5)
FN:58,(anonymous_6)
FN:61,(anonymous_7)
FN:63,(anonymous_8)
FN:85,(anonymous_9)
FNF:10
FNH:6
FNDA:1,(anonymous_0)
FNDA:5,(anonymous_1)
FNDA:0,(anonymous_2)
FNDA:0,(anonymous_3)
FNDA:0,(anonymous_4)
FNDA:5,(anonymous_5)
FNDA:4,(anonymous_6)
FNDA:4,(anonymous_7)
FNDA:4,(anonymous_8)
FNDA:0,(anonymous_9)
DA:15,1
DA:18,1
DA:19,1
DA:21,1
DA:23,1
DA:24,1
DA:29,5
DA:34,0
DA:40,0
DA:42,0
DA:47,0
DA:55,5
DA:56,5
DA:58,5
DA:59,4
DA:61,4
DA:62,4
DA:63,4
DA:64,4
DA:65,4
DA:67,0
DA:71,0
DA:75,0
LF:23
LH:16
BRDA:59,0,0,4
BRDA:59,0,1,0
BRDA:59,1,0,4
BRDA:59,1,1,4
BRDA:62,2,0,4
BRDA:62,2,1,0
BRDA:64,3,0,4
BRDA:64,3,1,0
BRF:8
BRH:5
end_of_record
TN:
SF:src/providers/Database.ts
FN:16,(anonymous_0)
FN:25,(anonymous_1)
FN:41,(anonymous_2)
FN:59,(anonymous_3)
FN:78,(anonymous_4)
FN:99,(anonymous_5)
FN:118,(anonymous_6)
FNF:7
FNH:2
FNDA:1,(anonymous_0)
FNDA:2,(anonymous_1)
FNDA:0,(anonymous_2)
FNDA:0,(anonymous_3)
FNDA:0,(anonymous_4)
FNDA:0,(anonymous_5)
FNDA:0,(anonymous_6)
DA:7,1
DA:17,1
DA:26,2
DA:27,2
DA:28,2
DA:29,2
DA:30,2
DA:32,0
DA:33,0
DA:42,0
DA:43,0
DA:44,0
DA:45,0
DA:46,0
DA:48,0
DA:49,0
DA:60,0
DA:61,0
DA:62,0
DA:63,0
DA:64,0
DA:65,0
DA:67,0
DA:68,0
DA:79,0
DA:80,0
DA:81,0
DA:82,0
DA:83,0
DA:84,0
DA:85,0
DA:87,0
DA:88,0
DA:92,0
DA:100,0
DA:101,0
DA:102,0
DA:103,0
DA:105,0
DA:107,0
DA:108,0
DA:111,0
DA:119,0
DA:120,0
DA:122,0
DA:123,0
DA:125,0
DA:126,0
LF:48
LH:7
BRDA:80,0,0,0
BRDA:80,0,1,0
BRDA:100,1,0,0
BRDA:100,1,1,0
BRDA:100,2,0,0
BRDA:100,2,1,0
BRF:6
BRH:0
end_of_record
TN:
SF:src/providers/Encryptions.ts
FN:19,(anonymous_0)
FN:35,(anonymous_1)
FNF:2
FNH:2
FNDA:1,(anonymous_0)
FNDA:2,(anonymous_1)
DA:20,1
DA:21,1
DA:26,0
DA:36,2
DA:37,2
DA:39,0
LF:6
LH:4
BRF:0
BRH:0
end_of_record
TN:
SF:src/providers/Locals.ts
FN:15,(anonymous_0)
FN:44,(anonymous_1)
FNF:2
FNH:1
FNDA:3,(anonymous_0)
FNDA:0,(anonymous_1)
DA:16,3
DA:17,3
DA:18,3
DA:19,3
DA:20,3
DA:21,3
DA:23,3
DA:24,3
DA:27,3
DA:45,0
DA:46,0
LF:11
LH:9
BRDA:16,0,0,3
BRDA:16,0,1,3
BRDA:19,1,0,3
BRDA:19,1,1,3
BRDA:20,2,0,3
BRDA:20,2,1,3
BRDA:21,3,0,3
BRDA:21,3,1,3
BRDA:23,4,0,3
BRDA:23,4,1,3
BRDA:24,5,0,3
BRDA:24,5,1,3
BRF:12
BRH:12
end_of_record
TN:
SF:src/providers/Routes.ts
FN:21,(anonymous_0)
FNF:1
FNH:1
FNDA:1,(anonymous_0)
DA:22,1
DA:24,1
LF:2
LH:2
BRF:0
BRH:0
end_of_record
TN:
SF:src/routes/Api.ts
FN:33,(anonymous_0)
FN:37,(anonymous_1)
FNF:2
FNH:0
FNDA:0,(anonymous_0)
FNDA:0,(anonymous_1)
DA:12,1
DA:14,1
DA:24,1
DA:33,0
DA:37,0
LF:5
LH:3
BRF:0
BRH:0
end_of_record
TN:
SF:src/services/userService.ts
FN:19,(anonymous_0)
FN:44,(anonymous_1)
FN:69,(anonymous_2)
FN:93,(anonymous_3)
FN:117,(anonymous_4)
FNF:5
FNH:1
FNDA:2,(anonymous_0)
FNDA:0,(anonymous_1)
FNDA:0,(anonymous_2)
FNDA:0,(anonymous_3)
FNDA:0,(anonymous_4)
DA:20,2
DA:25,2
DA:26,2
DA:27,2
DA:28,2
DA:29,1
DA:30,1
DA:32,1
DA:35,0
DA:45,0
DA:51,0
DA:52,0
DA:53,0
DA:54,0
DA:55,0
DA:57,0
DA:60,0
DA:70,0
DA:75,0
DA:76,0
DA:77,0
DA:78,0
DA:79,0
DA:81,0
DA:84,0
DA:94,0
DA:99,0
DA:100,0
DA:101,0
DA:102,0
DA:103,0
DA:105,0
DA:108,0
DA:118,0
DA:124,0
DA:125,0
DA:126,0
DA:128,0
DA:129,0
DA:130,0
DA:132,0
DA:133,0
DA:136,0
DA:139,0
LF:44
LH:8
BRDA:28,0,0,1
BRDA:28,0,1,1
BRDA:54,1,0,0
BRDA:54,1,1,0
BRDA:78,2,0,0
BRDA:78,2,1,0
BRDA:102,3,0,0
BRDA:102,3,1,0
BRF:8
BRH:2
end_of_record
